# JRE version: Java(TM) SE Runtime Environment (8.0_291-b10) (build 1.8.0_291-b10)
# Java VM: Java HotSpot(TM) 64-Bit Server VM (25.291-b10 mixed mode windows-amd64 compressed oops)
Heap:
 PSYoungGen      total 153088K, used 152K [0x00000000eab00000, 0x00000000f5580000, 0x0000000100000000)
  eden space 131584K, 0% used [0x00000000eab00000,0x00000000eab262f8,0x00000000f2b80000)
  from space 21504K, 0% used [0x00000000f4080000,0x00000000f4080000,0x00000000f5580000)
  to   space 21504K, 0% used [0x00000000f2b80000,0x00000000f2b80000,0x00000000f4080000)
 ParOldGen       total 349696K, used 71512K [0x00000000c0000000, 0x00000000d5580000, 0x00000000eab00000)
  object space 349696K, 20% used [0x00000000c0000000,0x00000000c45d62d8,0x00000000d5580000)
 Metaspace       used 13658K, capacity 14308K, committed 14592K, reserved 1060864K
  class space    used 2047K, capacity 2205K, committed 2304K, reserved 1048576K
GC Heap History (10 events):
Event: 23.156 GC heap before
{Heap before GC invocations=22 (full 10):
 PSYoungGen      total 153088K, used 160K [0x00000000eab00000, 0x00000000f5580000, 0x0000000100000000)
  eden space 131584K, 0% used [0x00000000eab00000,0x00000000eab00000,0x00000000f2b80000)
  from space 21504K, 0% used [0x00000000f4080000,0x00000000f40a8000,0x00000000f5580000)
  to   space 21504K, 0% used [0x00000000f2b80000,0x00000000f2b80000,0x00000000f4080000)
 ParOldGen       total 349696K, used 72536K [0x00000000c0000000, 0x00000000d5580000, 0x00000000eab00000)
  object space 349696K, 20% used [0x00000000c0000000,0x00000000c46d62e8,0x00000000d5580000)
 Metaspace       used 13422K, capacity 14046K, committed 14336K, reserved 1060864K
  class space    used 2049K, capacity 2214K, committed 2304K, reserved 1048576K
Event: 23.294 GC heap after
Heap after GC invocations=22 (full 10):
 PSYoungGen      total 153088K, used 0K [0x00000000eab00000, 0x00000000f5580000, 0x0000000100000000)
  eden space 131584K, 0% used [0x00000000eab00000,0x00000000eab00000,0x00000000f2b80000)
  from space 21504K, 0% used [0x00000000f4080000,0x00000000f4080000,0x00000000f5580000)
  to   space 21504K, 0% used [0x00000000f2b80000,0x00000000f2b80000,0x00000000f4080000)
 ParOldGen       total 349696K, used 72389K [0x00000000c0000000, 0x00000000d5580000, 0x00000000eab00000)
  object space 349696K, 20% used [0x00000000c0000000,0x00000000c46b1528,0x00000000d5580000)
 Metaspace       used 13422K, capacity 14046K, committed 14336K, reserved 1060864K
  class space    used 2049K, capacity 2214K, committed 2304K, reserved 1048576K
}
Event: 23.586 GC heap before
{Heap before GC invocations=23 (full 10):
 PSYoungGen      total 153088K, used 3065K [0x00000000eab00000, 0x00000000f5580000, 0x0000000100000000)
  eden space 131584K, 2% used [0x00000000eab00000,0x00000000eadfe790,0x00000000f2b80000)
  from space 21504K, 0% used [0x00000000f4080000,0x00000000f4080000,0x00000000f5580000)
  to   space 21504K, 0% used [0x00000000f2b80000,0x00000000f2b80000,0x00000000f4080000)
 ParOldGen       total 349696K, used 72389K [0x00000000c0000000, 0x00000000d5580000, 0x00000000eab00000)
  object space 349696K, 20% used [0x00000000c0000000,0x00000000c46b1528,0x00000000d5580000)
 Metaspace       used 13433K, capacity 14052K, committed 14336K, reserved 1060864K
  class space    used 2051K, capacity 2215K, committed 2304K, reserved 1048576K
Event: 23.587 GC heap after
Heap after GC invocations=23 (full 10):
 PSYoungGen      total 153088K, used 160K [0x00000000eab00000, 0x00000000f5580000, 0x0000000100000000)
  eden space 131584K, 0% used [0x00000000eab00000,0x00000000eab00000,0x00000000f2b80000)
  from space 21504K, 0% used [0x00000000f2b80000,0x00000000f2ba8000,0x00000000f4080000)
  to   space 21504K, 0% used [0x00000000f4080000,0x00000000f4080000,0x00000000f5580000)
 ParOldGen       total 349696K, used 72397K [0x00000000c0000000, 0x00000000d5580000, 0x00000000eab00000)
  object space 349696K, 20% used [0x00000000c0000000,0x00000000c46b3528,0x00000000d5580000)
 Metaspace       used 13433K, capacity 14052K, committed 14336K, reserved 1060864K
  class space    used 2051K, capacity 2215K, committed 2304K, reserved 1048576K
}
Event: 23.587 GC heap before
{Heap before GC invocations=24 (full 11):
 PSYoungGen      total 153088K, used 160K [0x00000000eab00000, 0x00000000f5580000, 0x0000000100000000)
  eden space 131584K, 0% used [0x00000000eab00000,0x00000000eab00000,0x00000000f2b80000)
  from space 21504K, 0% used [0x00000000f2b80000,0x00000000f2ba8000,0x00000000f4080000)
  to   space 21504K, 0% used [0x00000000f4080000,0x00000000f4080000,0x00000000f5580000)
 ParOldGen       total 349696K, used 72397K [0x00000000c0000000, 0x00000000d5580000, 0x00000000eab00000)
  object space 349696K, 20% used [0x00000000c0000000,0x00000000c46b3528,0x00000000d5580000)
 Metaspace       used 13433K, capacity 14052K, committed 14336K, reserved 1060864K
  class space    used 2051K, capacity 2215K, committed 2304K, reserved 1048576K
Event: 23.715 GC heap after
Heap after GC invocations=24 (full 11):
 PSYoungGen      total 153088K, used 0K [0x00000000eab00000, 0x00000000f5580000, 0x0000000100000000)
  eden space 131584K, 0% used [0x00000000eab00000,0x00000000eab00000,0x00000000f2b80000)
  from space 21504K, 0% used [0x00000000f2b80000,0x00000000f2b80000,0x00000000f4080000)
  to   space 21504K, 0% used [0x00000000f4080000,0x00000000f4080000,0x00000000f5580000)
 ParOldGen       total 349696K, used 72422K [0x00000000c0000000, 0x00000000d5580000, 0x00000000eab00000)
  object space 349696K, 20% used [0x00000000c0000000,0x00000000c46b9b20,0x00000000d5580000)
 Metaspace       used 13433K, capacity 14052K, committed 14336K, reserved 1060864K
  class space    used 2051K, capacity 2215K, committed 2304K, reserved 1048576K
}
Event: 11534.203 GC heap before
{Heap before GC invocations=25 (full 11):
 PSYoungGen      total 153088K, used 10721K [0x00000000eab00000, 0x00000000f5580000, 0x0000000100000000)
  eden space 131584K, 8% used [0x00000000eab00000,0x00000000eb578528,0x00000000f2b80000)
  from space 21504K, 0% used [0x00000000f2b80000,0x00000000f2b80000,0x00000000f4080000)
  to   space 21504K, 0% used [0x00000000f4080000,0x00000000f4080000,0x00000000f5580000)
 ParOldGen       total 349696K, used 72422K [0x00000000c0000000, 0x00000000d5580000, 0x00000000eab00000)
  object space 349696K, 20% used [0x00000000c0000000,0x00000000c46b9b20,0x00000000d5580000)
 Metaspace       used 13674K, capacity 14336K, committed 14592K, reserved 1060864K
  class space    used 2052K, capacity 2215K, committed 2304K, reserved 1048576K
Event: 11534.204 GC heap after
Heap after GC invocations=25 (full 11):
 PSYoungGen      total 153088K, used 160K [0x00000000eab00000, 0x00000000f5580000, 0x0000000100000000)
  eden space 131584K, 0% used [0x00000000eab00000,0x00000000eab00000,0x00000000f2b80000)
  from space 21504K, 0% used [0x00000000f4080000,0x00000000f40a8000,0x00000000f5580000)
  to   space 21504K, 0% used [0x00000000f2b80000,0x00000000f2b80000,0x00000000f4080000)
 ParOldGen       total 349696K, used 72430K [0x00000000c0000000, 0x00000000d5580000, 0x00000000eab00000)
  object space 349696K, 20% used [0x00000000c0000000,0x00000000c46bbb20,0x00000000d5580000)
 Metaspace       used 13674K, capacity 14336K, committed 14592K, reserved 1060864K
  class space    used 2052K, capacity 2215K, committed 2304K, reserved 1048576K
}
Event: 11534.204 GC heap before
{Heap before GC invocations=26 (full 12):
 PSYoungGen      total 153088K, used 160K [0x00000000eab00000, 0x00000000f5580000, 0x0000000100000000)
  eden space 131584K, 0% used [0x00000000eab00000,0x00000000eab00000,0x00000000f2b80000)
  from space 21504K, 0% used [0x00000000f4080000,0x00000000f40a8000,0x00000000f5580000)
  to   space 21504K, 0% used [0x00000000f2b80000,0x00000000f2b80000,0x00000000f4080000)
 ParOldGen       total 349696K, used 72430K [0x00000000c0000000, 0x00000000d5580000, 0x00000000eab00000)
  object space 349696K, 20% used [0x00000000c0000000,0x00000000c46bbb20,0x00000000d5580000)
 Metaspace       used 13674K, capacity 14336K, committed 14592K, reserved 1060864K
  class space    used 2052K, capacity 2215K, committed 2304K, reserved 1048576K
Event: 11534.324 GC heap after
Heap after GC invocations=26 (full 12):
 PSYoungGen      total 153088K, used 0K [0x00000000eab00000, 0x00000000f5580000, 0x0000000100000000)
  eden space 131584K, 0% used [0x00000000eab00000,0x00000000eab00000,0x00000000f2b80000)
  from space 21504K, 0% used [0x00000000f4080000,0x00000000f4080000,0x00000000f5580000)
  to   space 21504K, 0% used [0x00000000f2b80000,0x00000000f2b80000,0x00000000f4080000)
 ParOldGen       total 349696K, used 71512K [0x00000000c0000000, 0x00000000d5580000, 0x00000000eab00000)
  object space 349696K, 20% used [0x00000000c0000000,0x00000000c45d62d8,0x00000000d5580000)
 Metaspace       used 13658K, capacity 14308K, committed 14592K, reserved 1060864K
  class space    used 2047K, capacity 2205K, committed 2304K, reserved 1048576K
}

